1496181408.095716 client started (1978): version master, socket /tmp/tmux-1000/default, protocol 8
1496181408.095727 on Linux 4.4.0-78-generic #99-Ubuntu SMP Thu Apr 27 15:29:09 UTC 2017; libevent 2.0.21-stable (poll)
1496181408.095733 socket is /tmp/tmux-1000/default
1496181408.095736 trying connect
1496181408.095756 add peer 0x563b1bd75b00: 6 ((nil))
1496181408.095781 sending message 100 to peer 0x563b1bd75b00 (4 bytes)
1496181408.095785 sending message 101 to peer 0x563b1bd75b00 (15 bytes)
1496181408.095786 sending message 102 to peer 0x563b1bd75b00 (12 bytes)
1496181408.095788 sending message 108 to peer 0x563b1bd75b00 (41 bytes)
1496181408.095790 sending message 104 to peer 0x563b1bd75b00 (0 bytes)
1496181408.095792 sending message 107 to peer 0x563b1bd75b00 (4 bytes)
1496181408.095794 sending message 105 to peer 0x563b1bd75b00 (68 bytes)
1496181408.095795 sending message 105 to peer 0x563b1bd75b00 (17 bytes)
1496181408.095797 sending message 105 to peer 0x563b1bd75b00 (8 bytes)
1496181408.095798 sending message 105 to peer 0x563b1bd75b00 (11 bytes)
1496181408.095800 sending message 105 to peer 0x563b1bd75b00 (19 bytes)
1496181408.095801 sending message 105 to peer 0x563b1bd75b00 (29 bytes)
1496181408.095803 sending message 105 to peer 0x563b1bd75b00 (35 bytes)
1496181408.095804 sending message 105 to peer 0x563b1bd75b00 (52 bytes)
1496181408.095806 sending message 105 to peer 0x563b1bd75b00 (18 bytes)
1496181408.095807 sending message 105 to peer 0x563b1bd75b00 (23 bytes)
1496181408.095809 sending message 105 to peer 0x563b1bd75b00 (27 bytes)
1496181408.095810 sending message 105 to peer 0x563b1bd75b00 (23 bytes)
1496181408.095812 sending message 105 to peer 0x563b1bd75b00 (44 bytes)
1496181408.095813 sending message 105 to peer 0x563b1bd75b00 (31 bytes)
1496181408.095815 sending message 105 to peer 0x563b1bd75b00 (19 bytes)
1496181408.095816 sending message 105 to peer 0x563b1bd75b00 (60 bytes)
1496181408.095818 sending message 105 to peer 0x563b1bd75b00 (22 bytes)
1496181408.095820 sending message 105 to peer 0x563b1bd75b00 (26 bytes)
1496181408.095821 sending message 105 to peer 0x563b1bd75b00 (26 bytes)
1496181408.095823 sending message 105 to peer 0x563b1bd75b00 (19 bytes)
1496181408.095824 sending message 105 to peer 0x563b1bd75b00 (15 bytes)
1496181408.095826 sending message 105 to peer 0x563b1bd75b00 (18 bytes)
1496181408.095827 sending message 105 to peer 0x563b1bd75b00 (19 bytes)
1496181408.095829 sending message 105 to peer 0x563b1bd75b00 (26 bytes)
1496181408.095830 sending message 105 to peer 0x563b1bd75b00 (41 bytes)
1496181408.095832 sending message 105 to peer 0x563b1bd75b00 (15 bytes)
1496181408.095833 sending message 105 to peer 0x563b1bd75b00 (20 bytes)
1496181408.095835 sending message 105 to peer 0x563b1bd75b00 (53 bytes)
1496181408.095836 sending message 105 to peer 0x563b1bd75b00 (10 bytes)
1496181408.095838 sending message 105 to peer 0x563b1bd75b00 (29 bytes)
1496181408.095839 sending message 105 to peer 0x563b1bd75b00 (26 bytes)
1496181408.095841 sending message 105 to peer 0x563b1bd75b00 (22 bytes)
1496181408.095843 sending message 105 to peer 0x563b1bd75b00 (32 bytes)
1496181408.095844 sending message 105 to peer 0x563b1bd75b00 (127 bytes)
1496181408.095846 sending message 105 to peer 0x563b1bd75b00 (8 bytes)
1496181408.095847 sending message 105 to peer 0x563b1bd75b00 (32 bytes)
1496181408.095849 sending message 105 to peer 0x563b1bd75b00 (68 bytes)
1496181408.095850 sending message 105 to peer 0x563b1bd75b00 (158 bytes)
1496181408.095852 sending message 105 to peer 0x563b1bd75b00 (60 bytes)
1496181408.095853 sending message 105 to peer 0x563b1bd75b00 (21 bytes)
1496181408.095855 sending message 105 to peer 0x563b1bd75b00 (71 bytes)
1496181408.095856 sending message 105 to peer 0x563b1bd75b00 (19 bytes)
1496181408.095858 sending message 105 to peer 0x563b1bd75b00 (26 bytes)
1496181408.095859 sending message 105 to peer 0x563b1bd75b00 (51 bytes)
1496181408.095861 sending message 105 to peer 0x563b1bd75b00 (11 bytes)
1496181408.095862 sending message 105 to peer 0x563b1bd75b00 (18 bytes)
1496181408.095864 sending message 105 to peer 0x563b1bd75b00 (31 bytes)
1496181408.095868 sending message 105 to peer 0x563b1bd75b00 (45 bytes)
1496181408.095869 sending message 105 to peer 0x563b1bd75b00 (18 bytes)
1496181408.095871 sending message 105 to peer 0x563b1bd75b00 (15 bytes)
1496181408.095872 sending message 105 to peer 0x563b1bd75b00 (21 bytes)
1496181408.095874 sending message 105 to peer 0x563b1bd75b00 (17 bytes)
1496181408.095875 sending message 105 to peer 0x563b1bd75b00 (54 bytes)
1496181408.095877 sending message 105 to peer 0x563b1bd75b00 (48 bytes)
1496181408.095878 sending message 105 to peer 0x563b1bd75b00 (11 bytes)
1496181408.095880 sending message 105 to peer 0x563b1bd75b00 (265 bytes)
1496181408.095881 sending message 105 to peer 0x563b1bd75b00 (45 bytes)
1496181408.095883 sending message 105 to peer 0x563b1bd75b00 (18 bytes)
1496181408.095884 sending message 105 to peer 0x563b1bd75b00 (33 bytes)
1496181408.095887 sending message 105 to peer 0x563b1bd75b00 (15 bytes)
1496181408.095888 sending message 105 to peer 0x563b1bd75b00 (20 bytes)
1496181408.095890 sending message 105 to peer 0x563b1bd75b00 (35 bytes)
1496181408.095891 sending message 105 to peer 0x563b1bd75b00 (14 bytes)
1496181408.095893 sending message 105 to peer 0x563b1bd75b00 (32 bytes)
1496181408.095894 sending message 105 to peer 0x563b1bd75b00 (18 bytes)
1496181408.095896 sending message 105 to peer 0x563b1bd75b00 (19 bytes)
1496181408.095897 sending message 105 to peer 0x563b1bd75b00 (68 bytes)
1496181408.095899 sending message 105 to peer 0x563b1bd75b00 (14 bytes)
1496181408.095900 sending message 105 to peer 0x563b1bd75b00 (39 bytes)
1496181408.095902 sending message 105 to peer 0x563b1bd75b00 (17 bytes)
1496181408.095903 sending message 105 to peer 0x563b1bd75b00 (18 bytes)
1496181408.095905 sending message 105 to peer 0x563b1bd75b00 (38 bytes)
1496181408.095906 sending message 105 to peer 0x563b1bd75b00 (102 bytes)
1496181408.095908 sending message 105 to peer 0x563b1bd75b00 (23 bytes)
1496181408.095909 sending message 105 to peer 0x563b1bd75b00 (52 bytes)
1496181408.095916 sending message 105 to peer 0x563b1bd75b00 (58 bytes)
1496181408.095918 sending message 105 to peer 0x563b1bd75b00 (21 bytes)
1496181408.095920 sending message 105 to peer 0x563b1bd75b00 (20 bytes)
1496181408.095921 sending message 105 to peer 0x563b1bd75b00 (110 bytes)
1496181408.095923 sending message 105 to peer 0x563b1bd75b00 (30 bytes)
1496181408.095924 sending message 105 to peer 0x563b1bd75b00 (29 bytes)
1496181408.095926 sending message 105 to peer 0x563b1bd75b00 (21 bytes)
1496181408.095928 sending message 105 to peer 0x563b1bd75b00 (16 bytes)
1496181408.095929 sending message 106 to peer 0x563b1bd75b00 (0 bytes)
1496181408.095931 sending message 200 to peer 0x563b1bd75b00 (4 bytes)
1496181408.095932 client loop enter
1496181408.096153 peer 0x563b1bd75b00 message 211
1496181408.096161 peer 0x563b1bd75b00 message 203
1496181408.096163 client loop exit
